#
# There is insufficient memory for the Java Runtime Environment to continue.
# Native memory allocation (malloc) failed to allocate 32744 bytes for ChunkPool::allocate
# Possible reasons:
#   The system is out of physical RAM or swap space
#   The process is running with CompressedOops enabled, and the Java Heap may be blocking the growth of the native heap
# Possible solutions:
#   Reduce memory load on the system
#   Increase physical memory or swap space
#   Check if swap backing store is full
#   Decrease Java heap size (-Xmx/-Xms)
#   Decrease number of Java threads
#   Decrease Java thread stack sizes (-Xss)
#   Set larger code cache with -XX:ReservedCodeCacheSize=
#   JVM is running with Unscaled Compressed Oops mode in which the Java heap is
#     placed in the first 4GB address space. The Java Heap base address is the
#     maximum limit for the native heap growth. Please use -XX:HeapBaseMinAddress
#     to set the Java Heap base and to place the Java Heap above 4GB virtual address.
# This output file may be truncated or incomplete.
#
#  Out of Memory Error (arena.cpp:78), pid=9480, tid=5644
#
# JRE version: OpenJDK Runtime Environment Corretto-17.0.5.8.1 (17.0.5+8) (build 17.0.5+8-LTS)
# Java VM: OpenJDK 64-Bit Server VM Corretto-17.0.5.8.1 (17.0.5+8-LTS, mixed mode, sharing, tiered, compressed oops, compressed class ptrs, g1 gc, windows-amd64)
# No core dump will be written. Minidumps are not enabled by default on client versions of Windows
#

---------------  S U M M A R Y ------------

Command Line: -ea -Didea.test.cyclic.buffer.size=1048576 -javaagent:C:\Program Files\JetBrains\IntelliJ IDEA Community Edition 2021.3\lib\idea_rt.jar=63956:C:\Program Files\JetBrains\IntelliJ IDEA Community Edition 2021.3\bin -Dfile.encoding=UTF-8 com.intellij.rt.junit.JUnitStarter -ideVersion5 -junit4 TestNative

Host: Intel(R) Pentium(R) Silver N5000 CPU @ 1.10GHz, 4 cores, 7G,  Windows 10 , 64 bit Build 19041 (10.0.19041.2546)
Time: Thu Mar  9 13:49:33 2023  Windows 10 , 64 bit Build 19041 (10.0.19041.2546) elapsed time: 10.803712 seconds (0d 0h 0m 10s)

---------------  T H R E A D  ---------------

Current thread (0x000001cc4ff44c10):  JavaThread "C1 CompilerThread0" daemon [_thread_in_native, id=5644, stack(0x000000a5cbb00000,0x000000a5cbc00000)]


Current CompileTask:
C1:  10804 1608       3       java.lang.invoke.InnerClassLambdaMetafactory::<init> (258 bytes)

Stack: [0x000000a5cbb00000,0x000000a5cbc00000]
Native frames: (J=compiled Java code, j=interpreted, Vv=VM code, C=native code)
V  [jvm.dll+0x646e0a]
V  [jvm.dll+0x7f7f14]
V  [jvm.dll+0x7f96ce]
V  [jvm.dll+0x7f9d23]
V  [jvm.dll+0x234c98]
V  [jvm.dll+0xbcf18]
V  [jvm.dll+0xbd2dc]
V  [jvm.dll+0x16d33f]
V  [jvm.dll+0x16d00f]
V  [jvm.dll+0x16efd9]
V  [jvm.dll+0x16d964]
V  [jvm.dll+0x16dc1a]
V  [jvm.dll+0x1707f3]
V  [jvm.dll+0x12d283]
V  [jvm.dll+0x12cb4f]
V  [jvm.dll+0x12cd85]
V  [jvm.dll+0x12c175]
V  [jvm.dll+0x12de96]
V  [jvm.dll+0x217bdd]
V  [jvm.dll+0x215e24]
V  [jvm.dll+0x7b06ab]
V  [jvm.dll+0x7aac5a]
V  [jvm.dll+0x645cd5]
C  [ucrtbase.dll+0x21bb2]
C  [KERNEL32.DLL+0x17614]
C  [ntdll.dll+0x526a1]


---------------  P R O C E S S  ---------------

Threads class SMR info:
_java_thread_list=0x000001cc51501450, length=17, elements={
0x000001cc3252c510, 0x000001cc4ff2c500, 0x000001cc4ff2d370, 0x000001cc4ff3cfb0,
0x000001cc4ff3f970, 0x000001cc4ff40320, 0x000001cc4ff40cd0, 0x000001cc4ff419b0,
0x000001cc4ff44c10, 0x000001cc4ffc2060, 0x000001cc509223e0, 0x000001cc50a70a80,
0x000001cc50a70f50, 0x000001cc514bdaa0, 0x000001cc514bc1b0, 0x000001cc514bcb00,
0x000001cc5140c4a0
}

Java Threads: ( => current thread )
  0x000001cc3252c510 JavaThread "Forwarding newSession on session null to remote" [_thread_in_vm, id=8352, stack(0x000000a5cad00000,0x000000a5cae00000)]
  0x000001cc4ff2c500 JavaThread "Reference Handler" daemon [_thread_blocked, id=4640, stack(0x000000a5cb400000,0x000000a5cb500000)]
  0x000001cc4ff2d370 JavaThread "Finalizer" daemon [_thread_blocked, id=3908, stack(0x000000a5cb500000,0x000000a5cb600000)]
  0x000001cc4ff3cfb0 JavaThread "Signal Dispatcher" daemon [_thread_blocked, id=6024, stack(0x000000a5cb600000,0x000000a5cb700000)]
  0x000001cc4ff3f970 JavaThread "Attach Listener" daemon [_thread_blocked, id=7420, stack(0x000000a5cb700000,0x000000a5cb800000)]
  0x000001cc4ff40320 JavaThread "Service Thread" daemon [_thread_blocked, id=9420, stack(0x000000a5cb800000,0x000000a5cb900000)]
  0x000001cc4ff40cd0 JavaThread "Monitor Deflation Thread" daemon [_thread_blocked, id=5844, stack(0x000000a5cb900000,0x000000a5cba00000)]
  0x000001cc4ff419b0 JavaThread "C2 CompilerThread0" daemon [_thread_blocked, id=1716, stack(0x000000a5cba00000,0x000000a5cbb00000)]
=>0x000001cc4ff44c10 JavaThread "C1 CompilerThread0" daemon [_thread_in_native, id=5644, stack(0x000000a5cbb00000,0x000000a5cbc00000)]
  0x000001cc4ffc2060 JavaThread "Sweeper thread" daemon [_thread_blocked, id=4464, stack(0x000000a5cbc00000,0x000000a5cbd00000)]
  0x000001cc509223e0 JavaThread "Common-Cleaner" daemon [_thread_blocked, id=1236, stack(0x000000a5cbd00000,0x000000a5cbe00000)]
  0x000001cc50a70a80 JavaThread "Monitor Ctrl-Break" daemon [_thread_in_native, id=8952, stack(0x000000a5cbe00000,0x000000a5cbf00000)]
  0x000001cc50a70f50 JavaThread "Notification Thread" daemon [_thread_blocked, id=7088, stack(0x000000a5cbf00000,0x000000a5cc000000)]
  0x000001cc514bdaa0 JavaThread "ForkJoinPool.commonPool-worker-1" daemon [_thread_blocked, id=6348, stack(0x000000a5cc500000,0x000000a5cc600000)]
  0x000001cc514bc1b0 JavaThread "ForkJoinPool.commonPool-worker-2" daemon [_thread_blocked, id=6748, stack(0x000000a5cc600000,0x000000a5cc700000)]
  0x000001cc514bcb00 JavaThread "OkHttp ConnectionPool" daemon [_thread_blocked, id=8516, stack(0x000000a5cc800000,0x000000a5cc900000)]
  0x000001cc5140c4a0 JavaThread "Okio Watchdog" daemon [_thread_blocked, id=6360, stack(0x000000a5cc900000,0x000000a5cca00000)]

Other Threads:
  0x000001cc4ff268a0 VMThread "VM Thread" [stack: 0x000000a5cb300000,0x000000a5cb400000] [id=5884] _threads_hazard_ptr=0x000001cc51501450
  0x000001cc3252d4c0 WatcherThread [stack: 0x000000a5cc000000,0x000000a5cc100000] [id=6316]
  0x000001cc32586300 GCTaskThread "GC Thread#0" [stack: 0x000000a5cae00000,0x000000a5caf00000] [id=5960]
  0x000001cc512ddb70 GCTaskThread "GC Thread#1" [stack: 0x000000a5cc100000,0x000000a5cc200000] [id=7952]
  0x000001cc512fc040 GCTaskThread "GC Thread#2" [stack: 0x000000a5cc200000,0x000000a5cc300000] [id=1600]
  0x000001cc5138be20 GCTaskThread "GC Thread#3" [stack: 0x000000a5cc300000,0x000000a5cc400000] [id=8372]
  0x000001cc32596cc0 ConcurrentGCThread "G1 Main Marker" [stack: 0x000000a5caf00000,0x000000a5cb000000] [id=276]
  0x000001cc325976d0 ConcurrentGCThread "G1 Conc#0" [stack: 0x000000a5cb000000,0x000000a5cb100000] [id=7644]
  0x000001cc4fde0090 ConcurrentGCThread "G1 Refine#0" [stack: 0x000000a5cb100000,0x000000a5cb200000] [id=884]
  0x000001cc50a7c800 ConcurrentGCThread "G1 Refine#1" [stack: 0x000000a5cc400000,0x000000a5cc500000] [id=9220]
  0x000001cc4fde0ab0 ConcurrentGCThread "G1 Service" [stack: 0x000000a5cb200000,0x000000a5cb300000] [id=1296]

Threads with active compile tasks:
C1 CompilerThread0    11144 1608       3       java.lang.invoke.InnerClassLambdaMetafactory::<init> (258 bytes)

VM state: synchronizing (normal execution)

VM Mutex/Monitor currently owned by a thread:  ([mutex/lock_event])
[0x000001cc32528990] Threads_lock - owner thread: 0x000001cc4ff268a0

Heap address: 0x0000000082c00000, size: 2004 MB, Compressed Oops mode: 32-bit

CDS archive(s) mapped at: [0x0000000800000000-0x0000000800bc0000-0x0000000800bc0000), size 12320768, SharedBaseAddress: 0x0000000800000000, ArchiveRelocationMode: 0.
Compressed class space mapped at: 0x0000000800c00000-0x0000000840c00000, reserved size: 1073741824
Narrow klass base: 0x0000000800000000, Narrow klass shift: 0, Narrow klass range: 0x100000000

GC Precious Log:
 CPUs: 4 total, 4 available
 Memory: 8015M
 Large Page Support: Disabled
 NUMA Support: Disabled
 Compressed Oops: Enabled (32-bit)
 Heap Region Size: 1M
 Heap Min Capacity: 8M
 Heap Initial Capacity: 126M
 Heap Max Capacity: 2004M
 Pre-touch: Disabled
 Parallel Workers: 4
 Concurrent Workers: 1
 Concurrent Refinement Workers: 4
 Periodic GC: Disabled

Heap:
 garbage-first heap   total 129024K, used 15666K [0x0000000082c00000, 0x0000000100000000)
  region size 1024K, 12 young (12288K), 2 survivors (2048K)
 Metaspace       used 9990K, committed 10176K, reserved 1064960K
  class space    used 1219K, committed 1280K, reserved 1048576K

Heap Regions: E=young(eden), S=young(survivor), O=old, HS=humongous(starts), HC=humongous(continues), CS=collection set, F=free, OA=open archive, CA=closed archive, TAMS=top-at-mark-start (previous, next)
|   0|0x0000000082c00000, 0x0000000082d00000, 0x0000000082d00000|100%| O|  |TAMS 0x0000000082c00000, 0x0000000082c00000| Untracked 
|   1|0x0000000082d00000, 0x0000000082e00000, 0x0000000082e00000|100%| O|  |TAMS 0x0000000082d00000, 0x0000000082d00000| Untracked 
|   2|0x0000000082e00000, 0x0000000082f00000, 0x0000000082f00000|100%| O|  |TAMS 0x0000000082e00000, 0x0000000082e00000| Untracked 
|   3|0x0000000082f00000, 0x0000000083000000, 0x0000000083000000|100%| O|  |TAMS 0x0000000082f00000, 0x0000000082f00000| Untracked 
|   4|0x0000000083000000, 0x000000008304ca00, 0x0000000083100000| 29%| O|  |TAMS 0x0000000083000000, 0x0000000083000000| Untracked 
|   5|0x0000000083100000, 0x0000000083100000, 0x0000000083200000|  0%| F|  |TAMS 0x0000000083100000, 0x0000000083100000| Untracked 
|   6|0x0000000083200000, 0x0000000083200000, 0x0000000083300000|  0%| F|  |TAMS 0x0000000083200000, 0x0000000083200000| Untracked 
|   7|0x0000000083300000, 0x0000000083300000, 0x0000000083400000|  0%| F|  |TAMS 0x0000000083300000, 0x0000000083300000| Untracked 
|   8|0x0000000083400000, 0x0000000083400000, 0x0000000083500000|  0%| F|  |TAMS 0x0000000083400000, 0x0000000083400000| Untracked 
|   9|0x0000000083500000, 0x0000000083500000, 0x0000000083600000|  0%| F|  |TAMS 0x0000000083500000, 0x0000000083500000| Untracked 
|  10|0x0000000083600000, 0x0000000083600000, 0x0000000083700000|  0%| F|  |TAMS 0x0000000083600000, 0x0000000083600000| Untracked 
|  11|0x0000000083700000, 0x0000000083700000, 0x0000000083800000|  0%| F|  |TAMS 0x0000000083700000, 0x0000000083700000| Untracked 
|  12|0x0000000083800000, 0x0000000083800000, 0x0000000083900000|  0%| F|  |TAMS 0x0000000083800000, 0x0000000083800000| Untracked 
|  13|0x0000000083900000, 0x0000000083900000, 0x0000000083a00000|  0%| F|  |TAMS 0x0000000083900000, 0x0000000083900000| Untracked 
|  14|0x0000000083a00000, 0x0000000083a00000, 0x0000000083b00000|  0%| F|  |TAMS 0x0000000083a00000, 0x0000000083a00000| Untracked 
|  15|0x0000000083b00000, 0x0000000083b00000, 0x0000000083c00000|  0%| F|  |TAMS 0x0000000083b00000, 0x0000000083b00000| Untracked 
|  16|0x0000000083c00000, 0x0000000083c00000, 0x0000000083d00000|  0%| F|  |TAMS 0x0000000083c00000, 0x0000000083c00000| Untracked 
|  17|0x0000000083d00000, 0x0000000083d00000, 0x0000000083e00000|  0%| F|  |TAMS 0x0000000083d00000, 0x0000000083d00000| Untracked 
|  18|0x0000000083e00000, 0x0000000083e00000, 0x0000000083f00000|  0%| F|  |TAMS 0x0000000083e00000, 0x0000000083e00000| Untracked 
|  19|0x0000000083f00000, 0x0000000083f00000, 0x0000000084000000|  0%| F|  |TAMS 0x0000000083f00000, 0x0000000083f00000| Untracked 
|  20|0x0000000084000000, 0x0000000084000000, 0x0000000084100000|  0%| F|  |TAMS 0x0000000084000000, 0x0000000084000000| Untracked 
|  21|0x0000000084100000, 0x0000000084100000, 0x0000000084200000|  0%| F|  |TAMS 0x0000000084100000, 0x0000000084100000| Untracked 
|  22|0x0000000084200000, 0x0000000084200000, 0x0000000084300000|  0%| F|  |TAMS 0x0000000084200000, 0x0000000084200000| Untracked 
|  23|0x0000000084300000, 0x0000000084300000, 0x0000000084400000|  0%| F|  |TAMS 0x0000000084300000, 0x0000000084300000| Untracked 
|  24|0x0000000084400000, 0x0000000084400000, 0x0000000084500000|  0%| F|  |TAMS 0x0000000084400000, 0x0000000084400000| Untracked 
|  25|0x0000000084500000, 0x0000000084500000, 0x0000000084600000|  0%| F|  |TAMS 0x0000000084500000, 0x0000000084500000| Untracked 
|  26|0x0000000084600000, 0x0000000084600000, 0x0000000084700000|  0%| F|  |TAMS 0x0000000084600000, 0x0000000084600000| Untracked 
|  27|0x0000000084700000, 0x0000000084700000, 0x0000000084800000|  0%| F|  |TAMS 0x0000000084700000, 0x0000000084700000| Untracked 
|  28|0x0000000084800000, 0x0000000084800000, 0x0000000084900000|  0%| F|  |TAMS 0x0000000084800000, 0x0000000084800000| Untracked 
|  29|0x0000000084900000, 0x0000000084900000, 0x0000000084a00000|  0%| F|  |TAMS 0x0000000084900000, 0x0000000084900000| Untracked 
|  30|0x0000000084a00000, 0x0000000084a00000, 0x0000000084b00000|  0%| F|  |TAMS 0x0000000084a00000, 0x0000000084a00000| Untracked 
|  31|0x0000000084b00000, 0x0000000084b00000, 0x0000000084c00000|  0%| F|  |TAMS 0x0000000084b00000, 0x0000000084b00000| Untracked 
|  32|0x0000000084c00000, 0x0000000084c00000, 0x0000000084d00000|  0%| F|  |TAMS 0x0000000084c00000, 0x0000000084c00000| Untracked 
|  33|0x0000000084d00000, 0x0000000084d00000, 0x0000000084e00000|  0%| F|  |TAMS 0x0000000084d00000, 0x0000000084d00000| Untracked 
|  34|0x0000000084e00000, 0x0000000084e00000, 0x0000000084f00000|  0%| F|  |TAMS 0x0000000084e00000, 0x0000000084e00000| Untracked 
|  35|0x0000000084f00000, 0x0000000084f00000, 0x0000000085000000|  0%| F|  |TAMS 0x0000000084f00000, 0x0000000084f00000| Untracked 
|  36|0x0000000085000000, 0x0000000085000000, 0x0000000085100000|  0%| F|  |TAMS 0x0000000085000000, 0x0000000085000000| Untracked 
|  37|0x0000000085100000, 0x0000000085100000, 0x0000000085200000|  0%| F|  |TAMS 0x0000000085100000, 0x0000000085100000| Untracked 
|  38|0x0000000085200000, 0x0000000085200000, 0x0000000085300000|  0%| F|  |TAMS 0x0000000085200000, 0x0000000085200000| Untracked 
|  39|0x0000000085300000, 0x0000000085300000, 0x0000000085400000|  0%| F|  |TAMS 0x0000000085300000, 0x0000000085300000| Untracked 
|  40|0x0000000085400000, 0x0000000085400000, 0x0000000085500000|  0%| F|  |TAMS 0x0000000085400000, 0x0000000085400000| Untracked 
|  41|0x0000000085500000, 0x0000000085500000, 0x0000000085600000|  0%| F|  |TAMS 0x0000000085500000, 0x0000000085500000| Untracked 
|  42|0x0000000085600000, 0x0000000085600000, 0x0000000085700000|  0%| F|  |TAMS 0x0000000085600000, 0x0000000085600000| Untracked 
|  43|0x0000000085700000, 0x0000000085700000, 0x0000000085800000|  0%| F|  |TAMS 0x0000000085700000, 0x0000000085700000| Untracked 
|  44|0x0000000085800000, 0x0000000085800000, 0x0000000085900000|  0%| F|  |TAMS 0x0000000085800000, 0x0000000085800000| Untracked 
|  45|0x0000000085900000, 0x0000000085900000, 0x0000000085a00000|  0%| F|  |TAMS 0x0000000085900000, 0x0000000085900000| Untracked 
|  46|0x0000000085a00000, 0x0000000085a00000, 0x0000000085b00000|  0%| F|  |TAMS 0x0000000085a00000, 0x0000000085a00000| Untracked 
|  47|0x0000000085b00000, 0x0000000085b00000, 0x0000000085c00000|  0%| F|  |TAMS 0x0000000085b00000, 0x0000000085b00000| Untracked 
|  48|0x0000000085c00000, 0x0000000085c00000, 0x0000000085d00000|  0%| F|  |TAMS 0x0000000085c00000, 0x0000000085c00000| Untracked 
|  49|0x0000000085d00000, 0x0000000085d00000, 0x0000000085e00000|  0%| F|  |TAMS 0x0000000085d00000, 0x0000000085d00000| Untracked 
|  50|0x0000000085e00000, 0x0000000085e00000, 0x0000000085f00000|  0%| F|  |TAMS 0x0000000085e00000, 0x0000000085e00000| Untracked 
|  51|0x0000000085f00000, 0x0000000085f00000, 0x0000000086000000|  0%| F|  |TAMS 0x0000000085f00000, 0x0000000085f00000| Untracked 
|  52|0x0000000086000000, 0x0000000086000000, 0x0000000086100000|  0%| F|  |TAMS 0x0000000086000000, 0x0000000086000000| Untracked 
|  53|0x0000000086100000, 0x0000000086100000, 0x0000000086200000|  0%| F|  |TAMS 0x0000000086100000, 0x0000000086100000| Untracked 
|  54|0x0000000086200000, 0x0000000086200000, 0x0000000086300000|  0%| F|  |TAMS 0x0000000086200000, 0x0000000086200000| Untracked 
|  55|0x0000000086300000, 0x0000000086300000, 0x0000000086400000|  0%| F|  |TAMS 0x0000000086300000, 0x0000000086300000| Untracked 
|  56|0x0000000086400000, 0x0000000086400000, 0x0000000086500000|  0%| F|  |TAMS 0x0000000086400000, 0x0000000086400000| Untracked 
|  57|0x0000000086500000, 0x0000000086500000, 0x0000000086600000|  0%| F|  |TAMS 0x0000000086500000, 0x0000000086500000| Untracked 
|  58|0x0000000086600000, 0x0000000086600000, 0x0000000086700000|  0%| F|  |TAMS 0x0000000086600000, 0x0000000086600000| Untracked 
|  59|0x0000000086700000, 0x0000000086700000, 0x0000000086800000|  0%| F|  |TAMS 0x0000000086700000, 0x0000000086700000| Untracked 
|  60|0x0000000086800000, 0x0000000086800000, 0x0000000086900000|  0%| F|  |TAMS 0x0000000086800000, 0x0000000086800000| Untracked 
|  61|0x0000000086900000, 0x0000000086900000, 0x0000000086a00000|  0%| F|  |TAMS 0x0000000086900000, 0x0000000086900000| Untracked 
|  62|0x0000000086a00000, 0x0000000086a00000, 0x0000000086b00000|  0%| F|  |TAMS 0x0000000086a00000, 0x0000000086a00000| Untracked 
|  63|0x0000000086b00000, 0x0000000086b00000, 0x0000000086c00000|  0%| F|  |TAMS 0x0000000086b00000, 0x0000000086b00000| Untracked 
|  64|0x0000000086c00000, 0x0000000086c00000, 0x0000000086d00000|  0%| F|  |TAMS 0x0000000086c00000, 0x0000000086c00000| Untracked 
|  65|0x0000000086d00000, 0x0000000086d00000, 0x0000000086e00000|  0%| F|  |TAMS 0x0000000086d00000, 0x0000000086d00000| Untracked 
|  66|0x0000000086e00000, 0x0000000086e00000, 0x0000000086f00000|  0%| F|  |TAMS 0x0000000086e00000, 0x0000000086e00000| Untracked 
|  67|0x0000000086f00000, 0x0000000086f00000, 0x0000000087000000|  0%| F|  |TAMS 0x0000000086f00000, 0x0000000086f00000| Untracked 
|  68|0x0000000087000000, 0x0000000087000000, 0x0000000087100000|  0%| F|  |TAMS 0x0000000087000000, 0x0000000087000000| Untracked 
|  69|0x0000000087100000, 0x0000000087100000, 0x0000000087200000|  0%| F|  |TAMS 0x0000000087100000, 0x0000000087100000| Untracked 
|  70|0x0000000087200000, 0x0000000087200000, 0x0000000087300000|  0%| F|  |TAMS 0x0000000087200000, 0x0000000087200000| Untracked 
|  71|0x0000000087300000, 0x0000000087300000, 0x0000000087400000|  0%| F|  |TAMS 0x0000000087300000, 0x0000000087300000| Untracked 
|  72|0x0000000087400000, 0x0000000087400000, 0x0000000087500000|  0%| F|  |TAMS 0x0000000087400000, 0x0000000087400000| Untracked 
|  73|0x0000000087500000, 0x0000000087500000, 0x0000000087600000|  0%| F|  |TAMS 0x0000000087500000, 0x0000000087500000| Untracked 
|  74|0x0000000087600000, 0x0000000087600000, 0x0000000087700000|  0%| F|  |TAMS 0x0000000087600000, 0x0000000087600000| Untracked 
|  75|0x0000000087700000, 0x0000000087700000, 0x0000000087800000|  0%| F|  |TAMS 0x0000000087700000, 0x0000000087700000| Untracked 
|  76|0x0000000087800000, 0x0000000087800000, 0x0000000087900000|  0%| F|  |TAMS 0x0000000087800000, 0x0000000087800000| Untracked 
|  77|0x0000000087900000, 0x0000000087900000, 0x0000000087a00000|  0%| F|  |TAMS 0x0000000087900000, 0x0000000087900000| Untracked 
|  78|0x0000000087a00000, 0x0000000087a00000, 0x0000000087b00000|  0%| F|  |TAMS 0x0000000087a00000, 0x0000000087a00000| Untracked 
|  79|0x0000000087b00000, 0x0000000087b00000, 0x0000000087c00000|  0%| F|  |TAMS 0x0000000087b00000, 0x0000000087b00000| Untracked 
|  80|0x0000000087c00000, 0x0000000087c00000, 0x0000000087d00000|  0%| F|  |TAMS 0x0000000087c00000, 0x0000000087c00000| Untracked 
|  81|0x0000000087d00000, 0x0000000087d00000, 0x0000000087e00000|  0%| F|  |TAMS 0x0000000087d00000, 0x0000000087d00000| Untracked 
|  82|0x0000000087e00000, 0x0000000087e00000, 0x0000000087f00000|  0%| F|  |TAMS 0x0000000087e00000, 0x0000000087e00000| Untracked 
|  83|0x0000000087f00000, 0x0000000087f00000, 0x0000000088000000|  0%| F|  |TAMS 0x0000000087f00000, 0x0000000087f00000| Untracked 
|  84|0x0000000088000000, 0x0000000088000000, 0x0000000088100000|  0%| F|  |TAMS 0x0000000088000000, 0x0000000088000000| Untracked 
|  85|0x0000000088100000, 0x0000000088100000, 0x0000000088200000|  0%| F|  |TAMS 0x0000000088100000, 0x0000000088100000| Untracked 
|  86|0x0000000088200000, 0x0000000088200000, 0x0000000088300000|  0%| F|  |TAMS 0x0000000088200000, 0x0000000088200000| Untracked 
|  87|0x0000000088300000, 0x0000000088300000, 0x0000000088400000|  0%| F|  |TAMS 0x0000000088300000, 0x0000000088300000| Untracked 
|  88|0x0000000088400000, 0x0000000088400000, 0x0000000088500000|  0%| F|  |TAMS 0x0000000088400000, 0x0000000088400000| Untracked 
|  89|0x0000000088500000, 0x0000000088500000, 0x0000000088600000|  0%| F|  |TAMS 0x0000000088500000, 0x0000000088500000| Untracked 
|  90|0x0000000088600000, 0x0000000088600000, 0x0000000088700000|  0%| F|  |TAMS 0x0000000088600000, 0x0000000088600000| Untracked 
|  91|0x0000000088700000, 0x0000000088700000, 0x0000000088800000|  0%| F|  |TAMS 0x0000000088700000, 0x0000000088700000| Untracked 
|  92|0x0000000088800000, 0x0000000088800000, 0x0000000088900000|  0%| F|  |TAMS 0x0000000088800000, 0x0000000088800000| Untracked 
|  93|0x0000000088900000, 0x0000000088900000, 0x0000000088a00000|  0%| F|  |TAMS 0x0000000088900000, 0x0000000088900000| Untracked 
|  94|0x0000000088a00000, 0x0000000088a00000, 0x0000000088b00000|  0%| F|  |TAMS 0x0000000088a00000, 0x0000000088a00000| Untracked 
|  95|0x0000000088b00000, 0x0000000088b00000, 0x0000000088c00000|  0%| F|  |TAMS 0x0000000088b00000, 0x0000000088b00000| Untracked 
|  96|0x0000000088c00000, 0x0000000088c00000, 0x0000000088d00000|  0%| F|  |TAMS 0x0000000088c00000, 0x0000000088c00000| Untracked 
|  97|0x0000000088d00000, 0x0000000088d00000, 0x0000000088e00000|  0%| F|  |TAMS 0x0000000088d00000, 0x0000000088d00000| Untracked 
|  98|0x0000000088e00000, 0x0000000088e00000, 0x0000000088f00000|  0%| F|  |TAMS 0x0000000088e00000, 0x0000000088e00000| Untracked 
|  99|0x0000000088f00000, 0x0000000088f00000, 0x0000000089000000|  0%| F|  |TAMS 0x0000000088f00000, 0x0000000088f00000| Untracked 
| 100|0x0000000089000000, 0x0000000089000000, 0x0000000089100000|  0%| F|  |TAMS 0x0000000089000000, 0x0000000089000000| Untracked 
| 101|0x0000000089100000, 0x0000000089100000, 0x0000000089200000|  0%| F|  |TAMS 0x0000000089100000, 0x0000000089100000| Untracked 
| 102|0x0000000089200000, 0x0000000089200000, 0x0000000089300000|  0%| F|  |TAMS 0x0000000089200000, 0x0000000089200000| Untracked 
| 103|0x0000000089300000, 0x0000000089300000, 0x0000000089400000|  0%| F|  |TAMS 0x0000000089300000, 0x0000000089300000| Untracked 
| 104|0x0000000089400000, 0x0000000089400000, 0x0000000089500000|  0%| F|  |TAMS 0x0000000089400000, 0x0000000089400000| Untracked 
| 105|0x0000000089500000, 0x0000000089500000, 0x0000000089600000|  0%| F|  |TAMS 0x0000000089500000, 0x0000000089500000| Untracked 
| 106|0x0000000089600000, 0x0000000089600000, 0x0000000089700000|  0%| F|  |TAMS 0x0000000089600000, 0x0000000089600000| Untracked 
| 107|0x0000000089700000, 0x0000000089700000, 0x0000000089800000|  0%| F|  |TAMS 0x0000000089700000, 0x0000000089700000| Untracked 
| 108|0x0000000089800000, 0x0000000089800000, 0x0000000089900000|  0%| F|  |TAMS 0x0000000089800000, 0x0000000089800000| Untracked 
| 109|0x0000000089900000, 0x0000000089900000, 0x0000000089a00000|  0%| F|  |TAMS 0x0000000089900000, 0x0000000089900000| Untracked 
| 110|0x0000000089a00000, 0x0000000089a00000, 0x0000000089b00000|  0%| F|  |TAMS 0x0000000089a00000, 0x0000000089a00000| Untracked 
| 111|0x0000000089b00000, 0x0000000089b00000, 0x0000000089c00000|  0%| F|  |TAMS 0x0000000089b00000, 0x0000000089b00000| Untracked 
| 112|0x0000000089c00000, 0x0000000089c00000, 0x0000000089d00000|  0%| F|  |TAMS 0x0000000089c00000, 0x0000000089c00000| Untracked 
| 113|0x0000000089d00000, 0x0000000089d00000, 0x0000000089e00000|  0%| F|  |TAMS 0x0000000089d00000, 0x0000000089d00000| Untracked 
| 114|0x0000000089e00000, 0x0000000089f00000, 0x0000000089f00000|100%| S|CS|TAMS 0x0000000089e00000, 0x0000000089e00000| Complete 
| 115|0x0000000089f00000, 0x000000008a000000, 0x000000008a000000|100%| S|CS|TAMS 0x0000000089f00000, 0x0000000089f00000| Complete 
| 116|0x000000008a000000, 0x000000008a100000, 0x000000008a100000|100%| E|  |TAMS 0x000000008a000000, 0x000000008a000000| Complete 
| 117|0x000000008a100000, 0x000000008a200000, 0x000000008a200000|100%| E|CS|TAMS 0x000000008a100000, 0x000000008a100000| Complete 
| 118|0x000000008a200000, 0x000000008a300000, 0x000000008a300000|100%| E|CS|TAMS 0x000000008a200000, 0x000000008a200000| Complete 
| 119|0x000000008a300000, 0x000000008a400000, 0x000000008a400000|100%| E|CS|TAMS 0x000000008a300000, 0x000000008a300000| Complete 
| 120|0x000000008a400000, 0x000000008a500000, 0x000000008a500000|100%| E|CS|TAMS 0x000000008a400000, 0x000000008a400000| Complete 
| 121|0x000000008a500000, 0x000000008a600000, 0x000000008a600000|100%| E|CS|TAMS 0x000000008a500000, 0x000000008a500000| Complete 
| 122|0x000000008a600000, 0x000000008a700000, 0x000000008a700000|100%| E|CS|TAMS 0x000000008a600000, 0x000000008a600000| Complete 
| 123|0x000000008a700000, 0x000000008a800000, 0x000000008a800000|100%| E|CS|TAMS 0x000000008a700000, 0x000000008a700000| Complete 
| 124|0x000000008a800000, 0x000000008a900000, 0x000000008a900000|100%| E|CS|TAMS 0x000000008a800000, 0x000000008a800000| Complete 
| 125|0x000000008a900000, 0x000000008aa00000, 0x000000008aa00000|100%| E|CS|TAMS 0x000000008a900000, 0x000000008a900000| Complete 

Card table byte_map: [0x000001cc49420000,0x000001cc49810000] _byte_map_base: 0x000001cc4900a000

Marking Bits (Prev, Next): (CMBitMap*) 0x000001cc32586910, (CMBitMap*) 0x000001cc32586950
 Prev Bits: [0x000001cc49c00000, 0x000001cc4bb50000)
 Next Bits: [0x000001cc4bb50000, 0x000001cc4daa0000)

Polling page: 0x000001cc306c0000

Metaspace:

Usage:
  Non-class:      8.56 MB used.
      Class:      1.19 MB used.
       Both:      9.76 MB used.

Virtual space:
  Non-class space:       16.00 MB reserved,       8.69 MB ( 54%) committed,  2 nodes.
      Class space:        1.00 GB reserved,       1.25 MB ( <1%) committed,  1 nodes.
             Both:        1.02 GB reserved,       9.94 MB ( <1%) committed. 

Chunk freelists:
   Non-Class:  3.11 MB
       Class:  2.70 MB
        Both:  5.81 MB

MaxMetaspaceSize: unlimited
CompressedClassSpaceSize: 1.00 GB
Initial GC threshold: 21.00 MB
Current GC threshold: 21.00 MB
CDS: on
MetaspaceReclaimPolicy: balanced
 - commit_granule_bytes: 65536.
 - commit_granule_words: 8192.
 - virtual_space_node_default_size: 1048576.
 - enlarge_chunks_in_place: 1.
 - new_chunks_are_fully_committed: 0.
 - uncommit_free_chunks: 1.
 - use_allocation_guard: 0.
 - handle_deallocations: 1.


Internal statistics:

num_allocs_failed_limit: 0.
num_arena_births: 84.
num_arena_deaths: 0.
num_vsnodes_births: 3.
num_vsnodes_deaths: 0.
num_space_committed: 159.
num_space_uncommitted: 0.
num_chunks_returned_to_freelist: 0.
num_chunks_taken_from_freelist: 316.
num_chunk_merges: 0.
num_chunk_splits: 196.
num_chunks_enlarged: 141.
num_purges: 0.
num_inconsistent_stats: 0.

CodeHeap 'non-profiled nmethods': size=120000Kb used=526Kb max_used=526Kb free=119473Kb
 bounds [0x000001cc41b00000, 0x000001cc41d70000, 0x000001cc49030000]
CodeHeap 'profiled nmethods': size=120000Kb used=3072Kb max_used=3072Kb free=116928Kb
 bounds [0x000001cc3a5d0000, 0x000001cc3a8d0000, 0x000001cc41b00000]
CodeHeap 'non-nmethods': size=5760Kb used=1193Kb max_used=1211Kb free=4566Kb
 bounds [0x000001cc3a030000, 0x000001cc3a2a0000, 0x000001cc3a5d0000]
 total_blobs=2098 nmethods=1606 adapters=405
 compilation: enabled
              stopped_count=0, restarted_count=0
 full_count=0

Compilation events (20 events):
Event: 10.586 Thread 0x000001cc4ff44c10 1600       3       sun.invoke.util.VerifyAccess::getClassModifiers (24 bytes)
Event: 10.587 Thread 0x000001cc4ff44c10 nmethod 1600 0x000001cc3a8ca990 code [0x000001cc3a8cab40, 0x000001cc3a8cad98]
Event: 10.587 Thread 0x000001cc4ff44c10 1601       3       jdk.internal.org.objectweb.asm.Frame::accept (264 bytes)
Event: 10.592 Thread 0x000001cc4ff44c10 nmethod 1601 0x000001cc3a8cae90 code [0x000001cc3a8cb0c0, 0x000001cc3a8cb9f8]
Event: 10.595 Thread 0x000001cc4ff44c10 1602       3       java.lang.invoke.MethodHandleNatives::linkCallSite (66 bytes)
Event: 10.596 Thread 0x000001cc4ff44c10 nmethod 1602 0x000001cc3a8cbd90 code [0x000001cc3a8cbf60, 0x000001cc3a8cc4a8]
Event: 10.597 Thread 0x000001cc4ff44c10 1603       3       java.lang.invoke.MethodHandleNatives::linkCallSiteImpl (44 bytes)
Event: 10.599 Thread 0x000001cc4ff44c10 nmethod 1603 0x000001cc3a8cc690 code [0x000001cc3a8cc8c0, 0x000001cc3a8cd1f8]
Event: 10.599 Thread 0x000001cc4ff44c10 1604   !   3       java.lang.invoke.CallSite::makeSite (91 bytes)
Event: 10.604 Thread 0x000001cc4ff44c10 nmethod 1604 0x000001cc3a8cd590 code [0x000001cc3a8cd8c0, 0x000001cc3a8ce9b8]
Event: 10.604 Thread 0x000001cc4ff44c10 1605       3       java.util.concurrent.atomic.AtomicInteger::incrementAndGet (14 bytes)
Event: 10.606 Thread 0x000001cc4ff44c10 nmethod 1605 0x000001cc3a8cf590 code [0x000001cc3a8cf720, 0x000001cc3a8cf838]
Event: 10.606 Thread 0x000001cc4ff44c10 1606       3       java.lang.invoke.InfoFromMemberName::getName (8 bytes)
Event: 10.607 Thread 0x000001cc4ff44c10 nmethod 1606 0x000001cc3a8cf910 code [0x000001cc3a8cfae0, 0x000001cc3a8cfec8]
Event: 10.607 Thread 0x000001cc4ff44c10 1608       3       java.lang.invoke.InnerClassLambdaMetafactory::<init> (258 bytes)
Event: 10.652 Thread 0x000001cc4ff419b0 nmethod 1595 0x000001cc41b81590 code [0x000001cc41b81780, 0x000001cc41b828a8]
Event: 10.653 Thread 0x000001cc4ff419b0 1598       4       java.nio.Buffer::position (52 bytes)
Event: 10.656 Thread 0x000001cc4ff419b0 nmethod 1598 0x000001cc41b83310 code [0x000001cc41b83480, 0x000001cc41b83558]
Event: 10.656 Thread 0x000001cc4ff419b0 1599       4       java.util.Objects::checkFromIndexSize (8 bytes)
Event: 10.658 Thread 0x000001cc4ff419b0 nmethod 1599 0x000001cc41b83610 code [0x000001cc41b83780, 0x000001cc41b83838]

GC Heap History (4 events):
Event: 2.384 GC heap before
{Heap before GC invocations=0 (full 0):
 garbage-first heap   total 129024K, used 13312K [0x0000000082c00000, 0x0000000100000000)
  region size 1024K, 13 young (13312K), 0 survivors (0K)
 Metaspace       used 4974K, committed 5120K, reserved 1056768K
  class space    used 555K, committed 640K, reserved 1048576K
}
Event: 2.393 GC heap after
{Heap after GC invocations=1 (full 0):
 garbage-first heap   total 129024K, used 4245K [0x0000000082c00000, 0x0000000100000000)
  region size 1024K, 2 young (2048K), 2 survivors (2048K)
 Metaspace       used 4974K, committed 5120K, reserved 1056768K
  class space    used 555K, committed 640K, reserved 1048576K
}
Event: 3.019 GC heap before
{Heap before GC invocations=1 (full 0):
 garbage-first heap   total 129024K, used 14485K [0x0000000082c00000, 0x0000000100000000)
  region size 1024K, 12 young (12288K), 2 survivors (2048K)
 Metaspace       used 7473K, committed 7616K, reserved 1056768K
  class space    used 837K, committed 896K, reserved 1048576K
}
Event: 3.025 GC heap after
{Heap after GC invocations=2 (full 0):
 garbage-first heap   total 129024K, used 6450K [0x0000000082c00000, 0x0000000100000000)
  region size 1024K, 2 young (2048K), 2 survivors (2048K)
 Metaspace       used 7473K, committed 7616K, reserved 1056768K
  class space    used 837K, committed 896K, reserved 1048576K
}

Dll operation events (11 events):
Event: 0.087 Loaded shared library C:\Users\zahar\.jdks\corretto-17.0.5\bin\java.dll
Event: 0.154 Loaded shared library C:\Users\zahar\.jdks\corretto-17.0.5\bin\jsvml.dll
Event: 0.982 Loaded shared library C:\Users\zahar\.jdks\corretto-17.0.5\bin\zip.dll
Event: 0.998 Loaded shared library C:\Users\zahar\.jdks\corretto-17.0.5\bin\instrument.dll
Event: 1.042 Loaded shared library C:\Users\zahar\.jdks\corretto-17.0.5\bin\net.dll
Event: 1.049 Loaded shared library C:\Users\zahar\.jdks\corretto-17.0.5\bin\nio.dll
Event: 1.063 Loaded shared library C:\Users\zahar\.jdks\corretto-17.0.5\bin\zip.dll
Event: 1.077 Loaded shared library C:\Program Files\JetBrains\IntelliJ IDEA Community Edition 2021.3\bin\breakgen64.dll
Event: 1.122 Loaded shared library C:\Users\zahar\.jdks\corretto-17.0.5\bin\verify.dll
Event: 1.726 Loaded shared library C:\Users\zahar\.jdks\corretto-17.0.5\bin\jimage.dll
Event: 2.503 Loaded shared library C:\Users\zahar\.jdks\corretto-17.0.5\bin\sunmscapi.dll

Deoptimization events (20 events):
Event: 2.962 Thread 0x000001cc3252c510 DEOPT PACKING pc=0x000001cc3a853ad6 sp=0x000000a5cadfd400
Event: 2.962 Thread 0x000001cc3252c510 DEOPT UNPACKING pc=0x000001cc3a082b24 sp=0x000000a5cadfc888 mode 0
Event: 3.153 Thread 0x000001cc3252c510 DEOPT PACKING pc=0x000001cc3a853ad6 sp=0x000000a5cadfcd70
Event: 3.153 Thread 0x000001cc3252c510 DEOPT UNPACKING pc=0x000001cc3a082b24 sp=0x000000a5cadfc210 mode 0
Event: 3.194 Thread 0x000001cc3252c510 Uncommon trap: trap_request=0xffffff45 fr.pc=0x000001cc41b5fe9c relative=0x000000000000015c
Event: 3.194 Thread 0x000001cc3252c510 Uncommon trap: reason=unstable_if action=reinterpret pc=0x000001cc41b5fe9c method=java.lang.invoke.VarHandle.checkExactAccessMode(Ljava/lang/invoke/VarHandle$AccessDescriptor;)V @ 4 c2
Event: 3.194 Thread 0x000001cc3252c510 DEOPT PACKING pc=0x000001cc41b5fe9c sp=0x000000a5cadfcad0
Event: 3.194 Thread 0x000001cc3252c510 DEOPT UNPACKING pc=0x000001cc3a08239d sp=0x000000a5cadfca10 mode 2
Event: 3.196 Thread 0x000001cc514bc1b0 Uncommon trap: trap_request=0xffffffde fr.pc=0x000001cc41b4f268 relative=0x0000000000000dc8
Event: 3.196 Thread 0x000001cc514bc1b0 Uncommon trap: reason=class_check action=maybe_recompile pc=0x000001cc41b4f268 method=java.util.concurrent.ConcurrentHashMap.putVal(Ljava/lang/Object;Ljava/lang/Object;Z)Ljava/lang/Object; @ 242 c2
Event: 3.196 Thread 0x000001cc514bc1b0 DEOPT PACKING pc=0x000001cc41b4f268 sp=0x000000a5cc6fdf20
Event: 3.196 Thread 0x000001cc514bc1b0 DEOPT UNPACKING pc=0x000001cc3a08239d sp=0x000000a5cc6fde90 mode 2
Event: 3.219 Thread 0x000001cc514bdaa0 Uncommon trap: trap_request=0xffffffde fr.pc=0x000001cc41b4f268 relative=0x0000000000000dc8
Event: 3.219 Thread 0x000001cc514bdaa0 Uncommon trap: reason=class_check action=maybe_recompile pc=0x000001cc41b4f268 method=java.util.concurrent.ConcurrentHashMap.putVal(Ljava/lang/Object;Ljava/lang/Object;Z)Ljava/lang/Object; @ 242 c2
Event: 3.219 Thread 0x000001cc514bdaa0 DEOPT PACKING pc=0x000001cc41b4f268 sp=0x000000a5cc5fde00
Event: 3.219 Thread 0x000001cc514bdaa0 DEOPT UNPACKING pc=0x000001cc3a08239d sp=0x000000a5cc5fdd70 mode 2
Event: 3.351 Thread 0x000001cc3252c510 DEOPT PACKING pc=0x000001cc3a8588fe sp=0x000000a5cadfa3c0
Event: 3.351 Thread 0x000001cc3252c510 DEOPT UNPACKING pc=0x000001cc3a082b24 sp=0x000000a5cadf9830 mode 0
Event: 3.353 Thread 0x000001cc3252c510 DEOPT PACKING pc=0x000001cc3a6cc127 sp=0x000000a5cadfc050
Event: 3.353 Thread 0x000001cc3252c510 DEOPT UNPACKING pc=0x000001cc3a082b24 sp=0x000000a5cadfb4b0 mode 0

Classes unloaded (0 events):
No events

Classes redefined (0 events):
No events

Internal exceptions (20 events):
Event: 2.625 Thread 0x000001cc3252c510 Exception <a 'java/lang/NoSuchMethodError'{0x000000008a3e89b8}: 'void java.lang.invoke.DirectMethodHandle$Holder.invokeStaticInit(java.lang.Object, java.lang.Object)'> (0x000000008a3e89b8) 
thrown [s\src\hotspot\share\interpreter\linkResolver.cpp, line 759]
Event: 2.627 Thread 0x000001cc3252c510 Exception <a 'java/lang/NoSuchMethodError'{0x000000008a3ee9f0}: 'int java.lang.invoke.DirectMethodHandle$Holder.invokeStaticInit(java.lang.Object, java.lang.Object)'> (0x000000008a3ee9f0) 
thrown [s\src\hotspot\share\interpreter\linkResolver.cpp, line 759]
Event: 2.725 Thread 0x000001cc3252c510 Exception <a 'java/lang/NoSuchMethodError'{0x000000008a2ad7a0}: 'java.lang.Object java.lang.invoke.DirectMethodHandle$Holder.invokeStaticInit(java.lang.Object, int, int, int, int)'> (0x000000008a2ad7a0) 
thrown [s\src\hotspot\share\interpreter\linkResolver.cpp, line 759]
Event: 2.902 Thread 0x000001cc3252c510 Exception <a 'java/lang/NoSuchMethodError'{0x000000008a134b88}: 'java.lang.Object java.lang.invoke.DirectMethodHandle$Holder.invokeStaticInit(java.lang.Object, java.lang.Object, int, int, int, int)'> (0x000000008a134b88) 
thrown [s\src\hotspot\share\interpreter\linkResolver.cpp, line 759]
Event: 2.997 Thread 0x000001cc3252c510 Exception <a 'java/lang/NoSuchMethodError'{0x000000008a086468}: 'java.lang.Object java.lang.invoke.DirectMethodHandle$Holder.invokeStaticInit(java.lang.Object, java.lang.Object, java.lang.Object)'> (0x000000008a086468) 
thrown [s\src\hotspot\share\interpreter\linkResolver.cpp, line 759]
Event: 3.008 Thread 0x000001cc3252c510 Exception <a 'java/lang/NoSuchMethodError'{0x000000008a0b4818}: 'java.lang.Object java.lang.invoke.DirectMethodHandle$Holder.invokeInterface(java.lang.Object, java.lang.Object, java.lang.Object)'> (0x000000008a0b4818) 
thrown [s\src\hotspot\share\interpreter\linkResolver.cpp, line 759]
Event: 3.008 Thread 0x000001cc3252c510 Exception <a 'java/lang/IncompatibleClassChangeError'{0x000000008a0b7ee0}: Found class java.lang.Object, but interface was expected> (0x000000008a0b7ee0) 
thrown [s\src\hotspot\share\interpreter\linkResolver.cpp, line 826]
Event: 3.010 Thread 0x000001cc3252c510 Exception <a 'java/lang/NoSuchMethodError'{0x000000008a0bdb80}: 'int java.lang.invoke.DirectMethodHandle$Holder.invokeSpecial(java.lang.Object, java.lang.Object, java.lang.Object)'> (0x000000008a0bdb80) 
thrown [s\src\hotspot\share\interpreter\linkResolver.cpp, line 759]
Event: 3.011 Thread 0x000001cc3252c510 Exception <a 'java/lang/NoSuchMethodError'{0x000000008a0c42d0}: 'int java.lang.invoke.DirectMethodHandle$Holder.invokeSpecialIFC(java.lang.Object, java.lang.Object, java.lang.Object, java.lang.Object)'> (0x000000008a0c42d0) 
thrown [s\src\hotspot\share\interpreter\linkResolver.cpp, line 759]
Event: 3.033 Thread 0x000001cc3252c510 Exception <a 'java/lang/NoSuchMethodError'{0x000000008a9252e0}: 'int java.lang.invoke.DirectMethodHandle$Holder.invokeVirtual(java.lang.Object, java.lang.Object)'> (0x000000008a9252e0) 
thrown [s\src\hotspot\share\interpreter\linkResolver.cpp, line 759]
Event: 3.035 Thread 0x000001cc3252c510 Exception <a 'java/lang/NoSuchMethodError'{0x000000008a92b770}: 'double java.lang.invoke.DirectMethodHandle$Holder.invokeVirtual(java.lang.Object, java.lang.Object)'> (0x000000008a92b770) 
thrown [s\src\hotspot\share\interpreter\linkResolver.cpp, line 759]
Event: 3.036 Thread 0x000001cc3252c510 Exception <a 'java/lang/NoSuchMethodError'{0x000000008a931fc8}: 'float java.lang.invoke.DirectMethodHandle$Holder.invokeVirtual(java.lang.Object, java.lang.Object)'> (0x000000008a931fc8) 
thrown [s\src\hotspot\share\interpreter\linkResolver.cpp, line 759]
Event: 3.037 Thread 0x000001cc3252c510 Exception <a 'java/lang/NoSuchMethodError'{0x000000008a93b250}: 'long java.lang.invoke.DirectMethodHandle$Holder.invokeVirtual(java.lang.Object, java.lang.Object)'> (0x000000008a93b250) 
thrown [s\src\hotspot\share\interpreter\linkResolver.cpp, line 759]
Event: 3.044 Thread 0x000001cc3252c510 Exception <a 'java/lang/NoSuchMethodError'{0x000000008a962f40}: 'void java.lang.invoke.DirectMethodHandle$Holder.invokeStatic(java.lang.Object, java.lang.Object, java.lang.Object)'> (0x000000008a962f40) 
thrown [s\src\hotspot\share\interpreter\linkResolver.cpp, line 759]
Event: 3.045 Thread 0x000001cc3252c510 Exception <a 'java/lang/NoSuchMethodError'{0x000000008a9697a0}: 'java.lang.Object java.lang.invoke.DirectMethodHandle$Holder.invokeVirtual(java.lang.Object, java.lang.Object, java.lang.Object)'> (0x000000008a9697a0) 
thrown [s\src\hotspot\share\interpreter\linkResolver.cpp, line 759]
Event: 3.101 Thread 0x000001cc3252c510 Exception <a 'java/lang/NoSuchMethodError'{0x000000008a8d4150}: 'void java.lang.invoke.DirectMethodHandle$Holder.invokeSpecial(java.lang.Object, java.lang.Object, java.lang.Object, java.lang.Object, java.lang.Object)'> (0x000000008a8d4150) 
thrown [s\src\hotspot\share\interpreter\linkResolver.cpp, line 759]
Event: 3.185 Thread 0x000001cc3252c510 Exception <a 'java/lang/NoSuchMethodError'{0x000000008a69fc20}: 'java.lang.Object java.lang.invoke.Invokers$Holder.invokeExact_MT(java.lang.Object, java.lang.Object, java.lang.Object, java.lang.Object, java.lang.Object, java.lang.Object)'> (0x000000008a69fc20) 
thrown [s\src\hotspot\share\interpreter\linkResolver.cpp, line 759]
Event: 3.195 Thread 0x000001cc3252c510 Exception <a 'java/lang/NoSuchMethodError'{0x000000008a6ca660}: 'void java.lang.invoke.DirectMethodHandle$Holder.invokeInterface(java.lang.Object, java.lang.Object, java.lang.Object)'> (0x000000008a6ca660) 
thrown [s\src\hotspot\share\interpreter\linkResolver.cpp, line 759]
Event: 3.384 Thread 0x000001cc3252c510 Exception <a 'java/lang/NoSuchMethodError'{0x000000008a2da5b8}: 'void java.lang.invoke.DirectMethodHandle$Holder.invokeStatic(java.lang.Object, java.lang.Object, java.lang.Object, java.lang.Object)'> (0x000000008a2da5b8) 
thrown [s\src\hotspot\share\interpreter\linkResolver.cpp, line 759]
Event: 10.586 Thread 0x000001cc3252c510 Exception <a 'java/lang/NoSuchMethodError'{0x000000008a071978}: 'java.lang.Object java.lang.invoke.DirectMethodHandle$Holder.invokeSpecialIFC(java.lang.Object, java.lang.Object, java.lang.Object)'> (0x000000008a071978) 
thrown [s\src\hotspot\share\interpreter\linkResolver.cpp, line 759]

VM Operations (20 events):
Event: 0.844 Executing VM operation: HandshakeAllThreads
Event: 0.844 Executing VM operation: HandshakeAllThreads done
Event: 1.091 Executing VM operation: HandshakeAllThreads
Event: 1.091 Executing VM operation: HandshakeAllThreads done
Event: 1.923 Executing VM operation: HandshakeAllThreads
Event: 1.923 Executing VM operation: HandshakeAllThreads done
Event: 1.923 Executing VM operation: Cleanup
Event: 1.923 Executing VM operation: Cleanup done
Event: 2.170 Executing VM operation: HandshakeAllThreads
Event: 2.170 Executing VM operation: HandshakeAllThreads done
Event: 2.384 Executing VM operation: G1CollectForAllocation
Event: 2.393 Executing VM operation: G1CollectForAllocation done
Event: 2.951 Executing VM operation: HandshakeAllThreads
Event: 2.951 Executing VM operation: HandshakeAllThreads done
Event: 2.984 Executing VM operation: HandshakeAllThreads
Event: 2.984 Executing VM operation: HandshakeAllThreads done
Event: 3.019 Executing VM operation: G1CollectForAllocation
Event: 3.025 Executing VM operation: G1CollectForAllocation done
Event: 4.027 Executing VM operation: Cleanup
Event: 4.027 Executing VM operation: Cleanup done

Events (20 events):
Event: 3.408 loading class java/net/HttpRetryException
Event: 3.409 loading class java/net/HttpRetryException done
Event: 3.416 loading class java/net/SocketException
Event: 3.416 loading class java/net/SocketException done
Event: 3.424 loading class java/net/UnknownServiceException
Event: 3.424 loading class java/net/UnknownServiceException done
Event: 3.425 loading class java/net/ConnectException
Event: 3.425 loading class java/net/ConnectException done
Event: 3.426 loading class java/net/SocketTimeoutException
Event: 3.426 loading class java/net/SocketTimeoutException done
Event: 3.437 loading class java/net/Socket$SocketOutputStream
Event: 3.437 loading class java/net/Socket$SocketOutputStream done
Event: 3.437 loading class sun/nio/ch/NioSocketImpl$2
Event: 3.437 loading class sun/nio/ch/NioSocketImpl$2 done
Event: 3.440 loading class java/util/concurrent/ThreadPoolExecutor$Worker
Event: 3.440 loading class java/util/concurrent/ThreadPoolExecutor$Worker done
Event: 3.441 loading class java/lang/Thread$State
Event: 3.441 loading class java/lang/Thread$State done
Event: 3.441 Thread 0x000001cc514bcb00 Thread added: 0x000001cc514bcb00
Event: 3.447 Thread 0x000001cc5140c4a0 Thread added: 0x000001cc5140c4a0


Dynamic libraries:
0x00007ff6748d0000 - 0x00007ff6748dd000 	C:\Users\zahar\.jdks\corretto-17.0.5\bin\java.exe
0x00007ffb6b5d0000 - 0x00007ffb6b7c8000 	C:\WINDOWS\SYSTEM32\ntdll.dll
0x00007ffb6ae50000 - 0x00007ffb6af0f000 	C:\WINDOWS\System32\KERNEL32.DLL
0x00007ffb69080000 - 0x00007ffb69352000 	C:\WINDOWS\System32\KERNELBASE.dll
0x00007ffb69360000 - 0x00007ffb69460000 	C:\WINDOWS\System32\ucrtbase.dll
0x00007ffb64cb0000 - 0x00007ffb64cc7000 	C:\Users\zahar\.jdks\corretto-17.0.5\bin\jli.dll
0x00007ffb5e090000 - 0x00007ffb5e0a5000 	C:\Users\zahar\.jdks\corretto-17.0.5\bin\VCRUNTIME140.dll
0x00007ffb69ec0000 - 0x00007ffb6a061000 	C:\WINDOWS\System32\USER32.dll
0x00007ffb68d10000 - 0x00007ffb68d32000 	C:\WINDOWS\System32\win32u.dll
0x00007ffb50530000 - 0x00007ffb507ca000 	C:\WINDOWS\WinSxS\amd64_microsoft.windows.common-controls_6595b64144ccf1df_6.0.19041.1110_none_60b5254171f9507e\COMCTL32.dll
0x00007ffb69c30000 - 0x00007ffb69c5b000 	C:\WINDOWS\System32\GDI32.dll
0x00007ffb6adb0000 - 0x00007ffb6ae4e000 	C:\WINDOWS\System32\msvcrt.dll
0x00007ffb69460000 - 0x00007ffb6956f000 	C:\WINDOWS\System32\gdi32full.dll
0x00007ffb69570000 - 0x00007ffb6960d000 	C:\WINDOWS\System32\msvcp_win.dll
0x00007ffb697a0000 - 0x00007ffb697d2000 	C:\WINDOWS\System32\IMM32.DLL
0x00007ffb5dea0000 - 0x00007ffb5df3b000 	C:\Users\zahar\.jdks\corretto-17.0.5\bin\msvcp140.dll
0x00007ffb39770000 - 0x00007ffb3a384000 	C:\Users\zahar\.jdks\corretto-17.0.5\bin\server\jvm.dll
0x00007ffb6a070000 - 0x00007ffb6a11e000 	C:\WINDOWS\System32\ADVAPI32.dll
0x00007ffb6b040000 - 0x00007ffb6b0dc000 	C:\WINDOWS\System32\sechost.dll
0x00007ffb69610000 - 0x00007ffb69735000 	C:\WINDOWS\System32\RPCRT4.dll
0x00007ffb47f40000 - 0x00007ffb47f49000 	C:\WINDOWS\SYSTEM32\WSOCK32.dll
0x00007ffb69860000 - 0x00007ffb698cb000 	C:\WINDOWS\System32\WS2_32.dll
0x00007ffb44e20000 - 0x00007ffb44e47000 	C:\WINDOWS\SYSTEM32\WINMM.dll
0x00007ffb62fe0000 - 0x00007ffb62fea000 	C:\WINDOWS\SYSTEM32\VERSION.dll
0x00007ffb67520000 - 0x00007ffb67532000 	C:\WINDOWS\SYSTEM32\kernel.appcore.dll
0x00007ffb64d80000 - 0x00007ffb64d8a000 	C:\Users\zahar\.jdks\corretto-17.0.5\bin\jimage.dll
0x00007ffb668d0000 - 0x00007ffb66ab4000 	C:\WINDOWS\SYSTEM32\DBGHELP.DLL
0x00007ffb54b50000 - 0x00007ffb54b85000 	C:\WINDOWS\SYSTEM32\dbgcore.DLL
0x00007ffb68f50000 - 0x00007ffb68fd2000 	C:\WINDOWS\System32\bcryptPrimitives.dll
0x00007ffb64d90000 - 0x00007ffb64d9e000 	C:\Users\zahar\.jdks\corretto-17.0.5\bin\instrument.dll
0x00007ffb5e060000 - 0x00007ffb5e085000 	C:\Users\zahar\.jdks\corretto-17.0.5\bin\java.dll
0x00007ffb4a360000 - 0x00007ffb4a436000 	C:\Users\zahar\.jdks\corretto-17.0.5\bin\jsvml.dll
0x00007ffb6a130000 - 0x00007ffb6a875000 	C:\WINDOWS\System32\SHELL32.dll
0x00007ffb66c50000 - 0x00007ffb673e2000 	C:\WINDOWS\SYSTEM32\windows.storage.dll
0x00007ffb6b0e0000 - 0x00007ffb6b435000 	C:\WINDOWS\System32\combase.dll
0x00007ffb68640000 - 0x00007ffb68670000 	C:\WINDOWS\SYSTEM32\Wldp.dll
0x00007ffb69d40000 - 0x00007ffb69ded000 	C:\WINDOWS\System32\SHCORE.dll
0x00007ffb6b4c0000 - 0x00007ffb6b515000 	C:\WINDOWS\System32\shlwapi.dll
0x00007ffb68c00000 - 0x00007ffb68c1f000 	C:\WINDOWS\SYSTEM32\profapi.dll
0x00007ffb5de20000 - 0x00007ffb5de38000 	C:\Users\zahar\.jdks\corretto-17.0.5\bin\zip.dll
0x00007ffb5de60000 - 0x00007ffb5de79000 	C:\Users\zahar\.jdks\corretto-17.0.5\bin\net.dll
0x00007ffb60e30000 - 0x00007ffb60f3c000 	C:\WINDOWS\SYSTEM32\WINHTTP.dll
0x00007ffb683a0000 - 0x00007ffb6840a000 	C:\WINDOWS\system32\mswsock.dll
0x00007ffb5de40000 - 0x00007ffb5de55000 	C:\Users\zahar\.jdks\corretto-17.0.5\bin\nio.dll
0x00007ffb5dd70000 - 0x00007ffb5dd8a000 	C:\Program Files\JetBrains\IntelliJ IDEA Community Edition 2021.3\bin\breakgen64.dll
0x00007ffb5ddb0000 - 0x00007ffb5ddc0000 	C:\Users\zahar\.jdks\corretto-17.0.5\bin\verify.dll
0x00007ffb5d400000 - 0x00007ffb5d40e000 	C:\Users\zahar\.jdks\corretto-17.0.5\bin\sunmscapi.dll
0x00007ffb68df0000 - 0x00007ffb68f46000 	C:\WINDOWS\System32\CRYPT32.dll
0x00007ffb686b0000 - 0x00007ffb686d7000 	C:\WINDOWS\SYSTEM32\ncrypt.dll
0x00007ffb68670000 - 0x00007ffb686ab000 	C:\WINDOWS\SYSTEM32\NTASN1.dll
0x00007ffb68590000 - 0x00007ffb685a8000 	C:\WINDOWS\SYSTEM32\CRYPTSP.dll
0x00007ffb67cc0000 - 0x00007ffb67cf4000 	C:\WINDOWS\system32\rsaenh.dll
0x00007ffb69050000 - 0x00007ffb69077000 	C:\WINDOWS\System32\bcrypt.dll
0x00007ffb68bc0000 - 0x00007ffb68bee000 	C:\WINDOWS\SYSTEM32\USERENV.dll
0x00007ffb685b0000 - 0x00007ffb685bc000 	C:\WINDOWS\SYSTEM32\CRYPTBASE.dll
0x00007ffb68090000 - 0x00007ffb680cb000 	C:\WINDOWS\SYSTEM32\IPHLPAPI.DLL
0x00007ffb6acf0000 - 0x00007ffb6acf8000 	C:\WINDOWS\System32\NSI.dll
0x00007ffb617f0000 - 0x00007ffb61807000 	C:\WINDOWS\SYSTEM32\dhcpcsvc6.DLL
0x00007ffb61830000 - 0x00007ffb6184d000 	C:\WINDOWS\SYSTEM32\dhcpcsvc.DLL
0x00007ffb680d0000 - 0x00007ffb6819b000 	C:\WINDOWS\SYSTEM32\DNSAPI.dll

dbghelp: loaded successfully - version: 4.0.5 - missing functions: none
symbol engine: initialized successfully - sym options: 0x614 - pdb path: .;C:\Users\zahar\.jdks\corretto-17.0.5\bin;C:\WINDOWS\SYSTEM32;C:\WINDOWS\WinSxS\amd64_microsoft.windows.common-controls_6595b64144ccf1df_6.0.19041.1110_none_60b5254171f9507e;C:\Users\zahar\.jdks\corretto-17.0.5\bin\server;C:\Program Files\JetBrains\IntelliJ IDEA Community Edition 2021.3\bin

VM Arguments:
jvm_args: -ea -Didea.test.cyclic.buffer.size=1048576 -javaagent:C:\Program Files\JetBrains\IntelliJ IDEA Community Edition 2021.3\lib\idea_rt.jar=63956:C:\Program Files\JetBrains\IntelliJ IDEA Community Edition 2021.3\bin -Dfile.encoding=UTF-8 
java_command: com.intellij.rt.junit.JUnitStarter -ideVersion5 -junit4 TestNative
java_class_path (initial): C:\Program Files\JetBrains\IntelliJ IDEA Community Edition 2021.3\lib\idea_rt.jar;C:\Program Files\JetBrains\IntelliJ IDEA Community Edition 2021.3\plugins\junit\lib\junit5-rt.jar;C:\Program Files\JetBrains\IntelliJ IDEA Community Edition 2021.3\plugins\junit\lib\junit-rt.jar;C:\Users\zahar\git\AndroidNativeAPPTestAppium\target\test-classes;C:\Users\zahar\git\AndroidNativeAPPTestAppium\target\classes;C:\Users\zahar\.m2\repository\junit\junit\4.13.1\junit-4.13.1.jar;C:\Users\zahar\.m2\repository\org\hamcrest\hamcrest-core\1.3\hamcrest-core-1.3.jar;C:\Users\zahar\.m2\repository\io\appium\java-client\7.0.0\java-client-7.0.0.jar;C:\Users\zahar\.m2\repository\org\seleniumhq\selenium\selenium-java\3.141.59\selenium-java-3.141.59.jar;C:\Users\zahar\.m2\repository\org\seleniumhq\selenium\selenium-chrome-driver\3.141.59\selenium-chrome-driver-3.141.59.jar;C:\Users\zahar\.m2\repository\org\seleniumhq\selenium\selenium-edge-driver\3.141.59\selenium-edge-driver-3.141.59.jar;C:\Users\zahar\.m2\repository\org\seleniumhq\selenium\selenium-firefox-driver\3.141.59\selenium-firefox-driver-3.141.59.jar;C:\Users\zahar\.m2\repository\org\seleniumhq\selenium\selenium-ie-driver\3.141.59\selenium-ie-driver-3.141.59.jar;C:\Users\zahar\.m2\repository\org\seleniumhq\selenium\selenium-opera-driver\3.141.59\selenium-opera-driver-3.141.59.jar;C:\Users\zahar\.m2\repository\org\seleniumhq\selenium\selenium-remote-driver\3.141.59\selenium-remote-driver-3.141.59.jar;C:\Users\zahar\.m2\repository\org\seleniumhq\selenium\selenium-safari-driver\3.141.59\selenium-safari-driver-3.141.59.jar;C:\Users\zahar\.m2\repository\net\bytebuddy\byte-buddy\1.8.15\byte-buddy-1.8.15.jar;C:\Users\zahar\.m2\repository\org\apache\commons\commons-exec\1.3\commons-exec-1.3.jar;C:\Users\zahar\.m2\repository\com\google\guava\guava\25.0-jre\guava-25.0-jre.jar;C:\Users\zahar\.m2\repository\com\google\code\findbugs\jsr305\1.3.9\jsr305-1.3.9.jar;C:\Users\zahar\.m2\repository\org\checkerframework\chec
Launcher Type: SUN_STANDARD

[Global flags]
     intx CICompilerCount                          = 3                                         {product} {ergonomic}
     uint ConcGCThreads                            = 1                                         {product} {ergonomic}
     uint G1ConcRefinementThreads                  = 4                                         {product} {ergonomic}
   size_t G1HeapRegionSize                         = 1048576                                   {product} {ergonomic}
    uintx GCDrainStackTargetSize                   = 64                                        {product} {ergonomic}
   size_t InitialHeapSize                          = 132120576                                 {product} {ergonomic}
   size_t MarkStackSize                            = 4194304                                   {product} {ergonomic}
   size_t MaxHeapSize                              = 2101346304                                {product} {ergonomic}
   size_t MaxNewSize                               = 1260388352                                {product} {ergonomic}
   size_t MinHeapDeltaBytes                        = 1048576                                   {product} {ergonomic}
   size_t MinHeapSize                              = 8388608                                   {product} {ergonomic}
    uintx NonNMethodCodeHeapSize                   = 5832780                                {pd product} {ergonomic}
    uintx NonProfiledCodeHeapSize                  = 122912730                              {pd product} {ergonomic}
    uintx ProfiledCodeHeapSize                     = 122912730                              {pd product} {ergonomic}
    uintx ReservedCodeCacheSize                    = 251658240                              {pd product} {ergonomic}
     bool SegmentedCodeCache                       = true                                      {product} {ergonomic}
   size_t SoftMaxHeapSize                          = 2101346304                             {manageable} {ergonomic}
     bool UseCompressedClassPointers               = true                           {product lp64_product} {ergonomic}
     bool UseCompressedOops                        = true                           {product lp64_product} {ergonomic}
     bool UseG1GC                                  = true                                      {product} {ergonomic}
     bool UseLargePagesIndividualAllocation        = false                                  {pd product} {ergonomic}

Logging:
Log output configuration:
 #0: stdout all=warning uptime,level,tags
 #1: stderr all=off uptime,level,tags

Environment Variables:
JAVA_HOME=C:\Program Files\Java\jdk1.8.0_311
CLASSPATH=.;
PATH=C:\Program Files (x86)\Common Files\Oracle\Java\javapath;C:\WINDOWS\system32;C:\WINDOWS;C:\WINDOWS\System32\Wbem;C:\WINDOWS\System32\WindowsPowerShell\v1.0\;C:\WINDOWS\System32\OpenSSH\;C:\Program Files\Java\jdk1.8.0_311\bin;C:\myUtils\apache-maven-3.8.6\bin;C:\Program Files\Git\cmd;C:\ChromeDriver\;%CATALINA_BASE%\bin;C:\Program Files\nodejs\;C:\Users\zahar\AppData\Local\Android\Sdk;C:\Users\zahar\AppData\Local\Android\Sdk\platform-tools;C:\Users\zahar\AppData\Local\Android\Sdk\emulator;C:\Users\zahar\AppData\Local\Android\Sdk\tools;C:\Users\zahar\AppData\Local\Android\Sdk\build-tools;C:\Users\zahar\AppData\Local\Android\Sdk\emulator;C:\Users\zahar\AppData\Local\Android\Sdk\platform-tools;C:\Users\zahar\AppData\Local\Android\Sdk\tools;C:\Users\zahar\AppData\Local\Android\Sdk\tools\bin;C:\Users\zahar\scoop\shims;C:\Users\zahar\AppData\Local\Microsoft\WindowsApps;C:\Users\zahar\AppData\Local\Programs\Fiddler;C:\Users\zahar\AppData\Local\Programs\Microsoft VS Code\bin;C:\Program Files\Java\jdk-15.0.2\bin;;C:\Users\zahar\AppData\Local\Microsoft\WindowsApps;C:\Users\zahar\AppData\Roaming\npm
USERNAME=zahar
OS=Windows_NT
PROCESSOR_IDENTIFIER=Intel64 Family 6 Model 122 Stepping 1, GenuineIntel
TMP=C:\Users\zahar\AppData\Local\Temp
TEMP=C:\Users\zahar\AppData\Local\Temp



---------------  S Y S T E M  ---------------

OS:
 Windows 10 , 64 bit Build 19041 (10.0.19041.2546)
OS uptime: 0 days 2:53 hours

CPU: total 4 (initial active 4) (4 cores per cpu, 1 threads per core) family 6 model 122 stepping 1 microcode 0x2e, cx8, cmov, fxsr, mmx, 3dnowpref, sse, sse2, sse3, ssse3, sse4.1, sse4.2, popcnt, tsc, tscinvbit, aes, erms, clmul, sha, clflush, clflushopt

Memory: 4k page, system-wide physical 8015M (349M free)
TotalPageFile size 9935M (AvailPageFile size 4M)
current process WorkingSet (physical memory assigned to process): 75M, peak: 77M
current process commit charge ("private bytes"): 218M, peak: 221M

vm_info: OpenJDK 64-Bit Server VM (17.0.5+8-LTS) for windows-amd64 JRE (17.0.5+8-LTS), built on Oct 13 2022 05:18:14 by "Administrator" with MS VC++ 15.9 (VS2017)

END.
